0 info it worked if it ends with ok
1 verbose cli [ 'C:\\Program Files\\nodejs\\node.exe',
1 verbose cli   'C:\\Program Files\\nodejs\\node_modules\\npm\\bin\\npm-cli.js',
1 verbose cli   'publish' ]
2 info using npm@4.1.2
3 info using node@v7.7.3
4 verbose publish [ '.' ]
5 verbose stack Error: Invalid version: "0.5.3.1"
5 verbose stack     at Object.fixVersionField (C:\Program Files\nodejs\node_modules\npm\node_modules\normalize-package-data\lib\fixer.js:191:13)
5 verbose stack     at C:\Program Files\nodejs\node_modules\npm\node_modules\normalize-package-data\lib\normalize.js:32:38
5 verbose stack     at Array.forEach (native)
5 verbose stack     at normalize (C:\Program Files\nodejs\node_modules\npm\node_modules\normalize-package-data\lib\normalize.js:31:15)
5 verbose stack     at final (C:\Program Files\nodejs\node_modules\npm\node_modules\read-package-json\read-json.js:349:5)
5 verbose stack     at then (C:\Program Files\nodejs\node_modules\npm\node_modules\read-package-json\read-json.js:124:5)
5 verbose stack     at C:\Program Files\nodejs\node_modules\npm\node_modules\read-package-json\read-json.js:311:12
5 verbose stack     at C:\Program Files\nodejs\node_modules\npm\node_modules\graceful-fs\graceful-fs.js:78:16
5 verbose stack     at tryToString (fs.js:448:3)
5 verbose stack     at FSReqWrap.readFileAfterClose [as oncomplete] (fs.js:435:12)
6 verbose cwd C:\Users\Stan\Desktop\HTML Projects\Cirrus
7 error Windows_NT 10.0.10586
8 error argv "C:\\Program Files\\nodejs\\node.exe" "C:\\Program Files\\nodejs\\node_modules\\npm\\bin\\npm-cli.js" "publish"
9 error node v7.7.3
10 error npm  v4.1.2
11 error Invalid version: "0.5.3.1"
12 error If you need help, you may report this error at:
12 error     <https://github.com/npm/npm/issues>
13 verbose exit [ 1, true ]
